Resolving Package Graph
Resolved source packages
Inject - https://github.com/krzysztofzablocki/Inject.git @ 1.3.0
SnapKit - https://github.com/SnapKit/SnapKit.git @ 5.7.0
[Space News] Running script Swift Lint
[!]  /Users/beng/Documents/iOS App Developer/Space_News_UIKit/Space News/Space NewsUITests/Space_NewsUITests.swift:22:12: Empty XCTest Method Violation: Empty XCTest method should be avoided (empty_xctest_method)
/Users/beng/Documents/iOS App Developer/Space_News_UIKit/Space News/Space NewsTests/Space_NewsTests.swift:13:12: warning: Empty XCTest Method Violation: Empty XCTest method should be avoided (empty_xctest_method)
/Users/beng/Documents/iOS App Developer/Space_News_UIKit/Space News/Space NewsTests/Space_NewsTests.swift:17:12: warning: Empty XCTest Method Violation: Empty XCTest method should be avoided (empty_xctest_method)
[!]  /Users/beng/Documents/iOS App Developer/Space_News_UIKit/Space News/Space NewsTests/Space_NewsTests.swift:21:3: Empty XCTest Method Violation: Empty XCTest method should be avoided (empty_xctest_method)
Done linting! Found 4 violations, 0 serious in 6 files.

[Space News] Running script Swift Format
Build Succeeded

-----------------------------
-- xcodebuild.nvim summary --
-----------------------------

Warnings:
   /Users/beng/Documents/iOS App Developer/Space_News_UIKit/Space News/Space NewsUITests/Space_NewsUITests.swift:22:12
    Empty XCTest Method Violation: Empty XCTest method should be avoided (empty_xctest_method)
   /Users/beng/Documents/iOS App Developer/Space_News_UIKit/Space News/Space NewsTests/Space_NewsTests.swift:13:12
    Empty XCTest Method Violation: Empty XCTest method should be avoided (empty_xctest_method)
   /Users/beng/Documents/iOS App Developer/Space_News_UIKit/Space News/Space NewsTests/Space_NewsTests.swift:17:12
    Empty XCTest Method Violation: Empty XCTest method should be avoided (empty_xctest_method)
   /Users/beng/Documents/iOS App Developer/Space_News_UIKit/Space News/Space NewsTests/Space_NewsTests.swift:21:3
    Empty XCTest Method Violation: Empty XCTest method should be avoided (empty_xctest_method)
    Done linting! Found 4 violations, 0 serious in 6 files.

  ✔ Build Succeeded

